<?xml version="1.0" encoding="UTF-8"?>
<testng-results skipped="0" failed="1" ignored="0" total="3" passed="2">
  <reporter-output>
  </reporter-output>
  <suite name="Default suite" duration-ms="61239" started-at="2020-09-06T09:34:39Z" finished-at="2020-09-06T09:35:40Z">
    <groups>
    </groups>
    <test name="Default test" duration-ms="61239" started-at="2020-09-06T09:34:39Z" finished-at="2020-09-06T09:35:40Z">
      <class name="Wetesterr.Wetesterr_Framework.OrangeHRM_Assign_Leave_Module">
        <test-method status="PASS" signature="launch_Browser()[pri:0, instance:Wetesterr.Wetesterr_Framework.OrangeHRM_Assign_Leave_Module@646153]" name="launch_Browser" is-config="true" duration-ms="8397" started-at="2020-09-06T09:34:39Z" finished-at="2020-09-06T09:34:48Z">
          <reporter-output>
          </reporter-output>
        </test-method> <!-- launch_Browser -->
        <test-method status="FAIL" signature="Assign_Leave()[pri:0, instance:Wetesterr.Wetesterr_Framework.OrangeHRM_Assign_Leave_Module@646153]" name="Assign_Leave" duration-ms="33111" started-at="2020-09-06T09:34:48Z" finished-at="2020-09-06T09:35:21Z">
          <exception class="org.openqa.selenium.NoSuchElementException">
            <message>
              <![CDATA[no such element: Unable to locate element: {"method":"xpath","selector":"//label[@for='assignleave_txtEmployee']/following::input[1]"}
  (Session info: chrome=85.0.4183.83)
For documentation on this error, please visit: https://www.seleniumhq.org/exceptions/no_such_element.html
Build info: version: '3.141.59', revision: 'e82be7d358', time: '2018-11-14T08:17:03'
System info: host: 'HP-PC', ip: '192.168.1.10', os.name: 'Windows 7', os.arch: 'x86', os.version: '6.1', java.version: '1.8.0_251'
Driver info: org.openqa.selenium.chrome.ChromeDriver
Capabilities {acceptInsecureCerts: false, browserName: chrome, browserVersion: 85.0.4183.83, chrome: {chromedriverVersion: 85.0.4183.87 (cd6713ebf92fa..., userDataDir: C:\Users\hp\AppData\Local\T...}, goog:chromeOptions: {debuggerAddress: localhost:64101}, javascriptEnabled: true, networkConnectionEnabled: false, pageLoadStrategy: normal, platform: WINDOWS, platformName: WINDOWS, proxy: Proxy(), setWindowRect: true, strictFileInteractability: false, timeouts: {implicit: 0, pageLoad: 300000, script: 30000}, unhandledPromptBehavior: dismiss and notify, webauthn:virtualAuthenticators: true}
Session ID: 14a01a33f47012865f402befec01f79d
*** Element info: {Using=xpath, value=//label[@for='assignleave_txtEmployee']/following::input[1]}]]>
            </message>
            <full-stacktrace>
              <![CDATA[org.openqa.selenium.NoSuchElementException: no such element: Unable to locate element: {"method":"xpath","selector":"//label[@for='assignleave_txtEmployee']/following::input[1]"}
  (Session info: chrome=85.0.4183.83)
For documentation on this error, please visit: https://www.seleniumhq.org/exceptions/no_such_element.html
Build info: version: '3.141.59', revision: 'e82be7d358', time: '2018-11-14T08:17:03'
System info: host: 'HP-PC', ip: '192.168.1.10', os.name: 'Windows 7', os.arch: 'x86', os.version: '6.1', java.version: '1.8.0_251'
Driver info: org.openqa.selenium.chrome.ChromeDriver
Capabilities {acceptInsecureCerts: false, browserName: chrome, browserVersion: 85.0.4183.83, chrome: {chromedriverVersion: 85.0.4183.87 (cd6713ebf92fa..., userDataDir: C:\Users\hp\AppData\Local\T...}, goog:chromeOptions: {debuggerAddress: localhost:64101}, javascriptEnabled: true, networkConnectionEnabled: false, pageLoadStrategy: normal, platform: WINDOWS, platformName: WINDOWS, proxy: Proxy(), setWindowRect: true, strictFileInteractability: false, timeouts: {implicit: 0, pageLoad: 300000, script: 30000}, unhandledPromptBehavior: dismiss and notify, webauthn:virtualAuthenticators: true}
Session ID: 14a01a33f47012865f402befec01f79d
*** Element info: {Using=xpath, value=//label[@for='assignleave_txtEmployee']/following::input[1]}
at sun.reflect.NativeConstructorAccessorImpl.newInstance0(Native Method)
at sun.reflect.NativeConstructorAccessorImpl.newInstance(NativeConstructorAccessorImpl.java:62)
at sun.reflect.DelegatingConstructorAccessorImpl.newInstance(DelegatingConstructorAccessorImpl.java:45)
at java.lang.reflect.Constructor.newInstance(Constructor.java:423)
at org.openqa.selenium.remote.http.W3CHttpResponseCodec.createException(W3CHttpResponseCodec.java:187)
at org.openqa.selenium.remote.http.W3CHttpResponseCodec.decode(W3CHttpResponseCodec.java:122)
at org.openqa.selenium.remote.http.W3CHttpResponseCodec.decode(W3CHttpResponseCodec.java:49)
at org.openqa.selenium.remote.HttpCommandExecutor.execute(HttpCommandExecutor.java:158)
at org.openqa.selenium.remote.service.DriverCommandExecutor.execute(DriverCommandExecutor.java:83)
at org.openqa.selenium.remote.RemoteWebDriver.execute(RemoteWebDriver.java:552)
at org.openqa.selenium.remote.RemoteWebDriver.findElement(RemoteWebDriver.java:323)
at org.openqa.selenium.remote.RemoteWebDriver.findElementByXPath(RemoteWebDriver.java:428)
at org.openqa.selenium.By$ByXPath.findElement(By.java:353)
at org.openqa.selenium.remote.RemoteWebDriver.findElement(RemoteWebDriver.java:315)
at org.openqa.selenium.support.pagefactory.DefaultElementLocator.findElement(DefaultElementLocator.java:69)
at org.openqa.selenium.support.pagefactory.internal.LocatingElementHandler.invoke(LocatingElementHandler.java:38)
at com.sun.proxy.$Proxy9.click(Unknown Source)
at com.Pages.OrangeHRMApp.Orange_HRM_Assign_Leave_Page.enterEmployeeName(Orange_HRM_Assign_Leave_Page.java:55)
at Wetesterr.Wetesterr_Framework.OrangeHRM_Assign_Leave_Module.Assign_Leave(OrangeHRM_Assign_Leave_Module.java:98)
at sun.reflect.NativeMethodAccessorImpl.invoke0(Native Method)
at sun.reflect.NativeMethodAccessorImpl.invoke(NativeMethodAccessorImpl.java:62)
at sun.reflect.DelegatingMethodAccessorImpl.invoke(DelegatingMethodAccessorImpl.java:43)
at java.lang.reflect.Method.invoke(Method.java:498)
at org.testng.internal.MethodInvocationHelper.invokeMethod(MethodInvocationHelper.java:124)
at org.testng.internal.Invoker.invokeMethod(Invoker.java:583)
at org.testng.internal.Invoker.invokeTestMethod(Invoker.java:719)
at org.testng.internal.Invoker.invokeTestMethods(Invoker.java:989)
at org.testng.internal.TestMethodWorker.invokeTestMethods(TestMethodWorker.java:125)
at org.testng.internal.TestMethodWorker.run(TestMethodWorker.java:109)
at org.testng.TestRunner.privateRun(TestRunner.java:648)
at org.testng.TestRunner.run(TestRunner.java:505)
at org.testng.SuiteRunner.runTest(SuiteRunner.java:455)
at org.testng.SuiteRunner.runSequentially(SuiteRunner.java:450)
at org.testng.SuiteRunner.privateRun(SuiteRunner.java:415)
at org.testng.SuiteRunner.run(SuiteRunner.java:364)
at org.testng.SuiteRunnerWorker.runSuite(SuiteRunnerWorker.java:52)
at org.testng.SuiteRunnerWorker.run(SuiteRunnerWorker.java:84)
at org.testng.TestNG.runSuitesSequentially(TestNG.java:1208)
at org.testng.TestNG.runSuitesLocally(TestNG.java:1137)
at org.testng.TestNG.runSuites(TestNG.java:1049)
at org.testng.TestNG.run(TestNG.java:1017)
at org.testng.remote.AbstractRemoteTestNG.run(AbstractRemoteTestNG.java:115)
at org.testng.remote.RemoteTestNG.initAndRun(RemoteTestNG.java:251)
at org.testng.remote.RemoteTestNG.main(RemoteTestNG.java:77)
]]>
            </full-stacktrace>
          </exception> <!-- org.openqa.selenium.NoSuchElementException -->
          <reporter-output>
          </reporter-output>
        </test-method> <!-- Assign_Leave -->
        <test-method status="PASS" signature="Assign_Leaves()[pri:0, instance:Wetesterr.Wetesterr_Framework.OrangeHRM_Assign_Leave_Module@646153]" name="Assign_Leaves" duration-ms="11359" started-at="2020-09-06T09:35:21Z" finished-at="2020-09-06T09:35:32Z">
          <reporter-output>
          </reporter-output>
        </test-method> <!-- Assign_Leaves -->
        <test-method status="PASS" signature="Navigate_to_Leaves_Section()[pri:0, instance:Wetesterr.Wetesterr_Framework.OrangeHRM_Assign_Leave_Module@646153]" name="Navigate_to_Leaves_Section" duration-ms="7304" started-at="2020-09-06T09:35:32Z" finished-at="2020-09-06T09:35:39Z">
          <reporter-output>
          </reporter-output>
        </test-method> <!-- Navigate_to_Leaves_Section -->
        <test-method status="PASS" signature="closeBrowser()[pri:0, instance:Wetesterr.Wetesterr_Framework.OrangeHRM_Assign_Leave_Module@646153]" name="closeBrowser" is-config="true" duration-ms="1032" started-at="2020-09-06T09:35:39Z" finished-at="2020-09-06T09:35:40Z">
          <reporter-output>
          </reporter-output>
        </test-method> <!-- closeBrowser -->
      </class> <!-- Wetesterr.Wetesterr_Framework.OrangeHRM_Assign_Leave_Module -->
    </test> <!-- Default test -->
  </suite> <!-- Default suite -->
</testng-results>
