<?xml version="1.0" encoding="UTF-8"?>
<testng-results skipped="0" failed="0" ignored="0" total="1" passed="1">
  <reporter-output>
  </reporter-output>
  <suite name="Default suite" duration-ms="36913" started-at="2020-09-05T12:37:49Z" finished-at="2020-09-05T12:38:26Z">
    <groups>
    </groups>
    <test name="Default test" duration-ms="36913" started-at="2020-09-05T12:37:49Z" finished-at="2020-09-05T12:38:26Z">
      <class name="Wetesterr.Wetesterr_Framework.OrangeHRM_Assign_Leave_Module">
        <test-method status="PASS" signature="launch_Browser()[pri:0, instance:Wetesterr.Wetesterr_Framework.OrangeHRM_Assign_Leave_Module@646153]" name="launch_Browser" is-config="true" duration-ms="7346" started-at="2020-09-05T12:37:49Z" finished-at="2020-09-05T12:37:56Z">
          <reporter-output>
          </reporter-output>
        </test-method> <!-- launch_Browser -->
        <test-method status="PASS" signature="Assign_Leaves()[pri:0, instance:Wetesterr.Wetesterr_Framework.OrangeHRM_Assign_Leave_Module@646153]" name="Assign_Leaves" duration-ms="28565" started-at="2020-09-05T12:37:56Z" finished-at="2020-09-05T12:38:25Z">
          <reporter-output>
          </reporter-output>
        </test-method> <!-- Assign_Leaves -->
        <test-method status="PASS" signature="closeBrowser()[pri:0, instance:Wetesterr.Wetesterr_Framework.OrangeHRM_Assign_Leave_Module@646153]" name="closeBrowser" is-config="true" duration-ms="969" started-at="2020-09-05T12:38:25Z" finished-at="2020-09-05T12:38:26Z">
          <reporter-output>
          </reporter-output>
        </test-method> <!-- closeBrowser -->
      </class> <!-- Wetesterr.Wetesterr_Framework.OrangeHRM_Assign_Leave_Module -->
    </test> <!-- Default test -->
  </suite> <!-- Default suite -->
</testng-results>
